
Showing logs for build [32mcb-kubecd-environment-pr-135-6-jgc9x-1[0m stage [32mfrom-build-pack[0m and container [32mstep-credential-initializer-dndn8[0m
{"level":"warn","ts":1578649900.7665844,"logger":"fallback-logger","caller":"logging/config.go:69","msg":"Fetch GitHub commit ID from kodata failed: \"ref: refs/heads/0.8.0-**-support-backwards-incompats\" is not a valid GitHub commit ID"}
{"level":"info","ts":1578649900.767678,"logger":"fallback-logger","caller":"creds-init/main.go:40","msg":"Credentials initialized."}

Showing logs for build [32mcb-kubecd-environment-pr-135-6-jgc9x-1[0m stage [32mfrom-build-pack[0m and container [32mstep-working-dir-initializer-tgcfj[0m
{"level":"warn","ts":1578649902.0398111,"logger":"fallback-logger","caller":"logging/config.go:69","msg":"Fetch GitHub commit ID from kodata failed: open /var/run/ko/HEAD: no such file or directory"}
{"level":"info","ts":1578649902.0417852,"logger":"fallback-logger","caller":"bash/main.go:64","msg":"Successfully executed command \"sh -c mkdir -p /workspace/source\"; output "}

Showing logs for build [32mcb-kubecd-environment-pr-135-6-jgc9x-1[0m stage [32mfrom-build-pack[0m and container [32mstep-place-tools[0m

Showing logs for build [32mcb-kubecd-environment-pr-135-6-jgc9x-1[0m stage [32mfrom-build-pack[0m and container [32mstep-git-source-cb-kubecd-environment-pr-135-6-dsx5h[0m
{"level":"warn","ts":1578649908.2792587,"logger":"fallback-logger","caller":"logging/config.go:69","msg":"Fetch GitHub commit ID from kodata failed: \"ref: refs/heads/0.8.0-**-support-backwards-incompats\" is not a valid GitHub commit ID"}
{"level":"info","ts":1578649909.3501365,"logger":"fallback-logger","caller":"git/git.go:103","msg":"Successfully cloned https://github.com/cb-kubecd/environment-pr-135-6-gke-upgrade-staging.git @ master in path /workspace/source"}

Showing logs for build [32mcb-kubecd-environment-pr-135-6-jgc9x-1[0m stage [32mfrom-build-pack[0m and container [32mstep-git-merge[0m
Using SHAs from PULL_REFS=master:b072287dcf14b38279925115d5ffebae4e59c0aa,1:06696f5341af3984d80655ea3c38ada52deb446a
DEBUG: ran git fetch --unshallow origin 06696f5341af3984d80655ea3c38ada52deb446a: b072287dcf14b38279925115d5ffebae4e59c0aa: in 
DEBUG: ran git checkout master in 
DEBUG: ran git reset --hard b072287dcf14b38279925115d5ffebae4e59c0aa in 
DEBUG: ran clean --force -d . in 
DEBUG: ran git merge 06696f5341af3984d80655ea3c38ada52deb446a in 
Merged SHA 06696f5341af3984d80655ea3c38ada52deb446a with commit message 'chore: Promote bdd-spring-1578649556 to version 0.0.1' into base branch master

Showing logs for build [32mcb-kubecd-environment-pr-135-6-jgc9x-1[0m stage [32mfrom-build-pack[0m and container [32mstep-build-helm-build[0m
WARNING: No $CHART_REPOSITORY defined so using the default value of: http://jenkins-x-chartmuseum:8080
Adding missing Helm repo: storage.googleapis.com https://storage.googleapis.com/chartmuseum.jenkins-x.io
WARNING: No secrets found on "helm/repos" due: reading the secret "helm/repos" from vault: no secret "helm/repos" not found in vault
Read credentials for https://storage.googleapis.com/chartmuseum.jenkins-x.io from vault helm/repos
Successfully added Helm repository storage.googleapis.com.
Adding missing Helm repo: jenkins-x-chartmuseum http://jenkins-x-chartmuseum:8080
WARNING: No secrets found on "helm/repos" due: reading the secret "helm/repos" from vault: no secret "helm/repos" not found in vault
Read credentials for http://jenkins-x-chartmuseum:8080 from vault helm/repos
Successfully added Helm repository jenkins-x-chartmuseum.
WARNING: No $CHART_REPOSITORY defined so using the default value of: http://jenkins-x-chartmuseum:8080
Adding missing Helm repo: chartmuseum.jenkins-x.io http://chartmuseum.jenkins-x.io
WARNING: No secrets found on "helm/repos" due: reading the secret "helm/repos" from vault: no secret "helm/repos" not found in vault
Read credentials for http://chartmuseum.jenkins-x.io from vault helm/repos
Successfully added Helm repository chartmuseum.jenkins-x.io.
